<?xml version="1.0" encoding="UTF-8"?>
<testsuite xmlns:xsi="http://www.w3.org/2001/XMLSchema-instance" xsi:noNamespaceSchemaLocation="https://maven.apache.org/surefire/maven-surefire-plugin/xsd/surefire-test-report.xsd" name="com.xoriant.XorFakeData.XorFakeDataApplicationTests" time="3.191" tests="1" errors="0" skipped="0" failures="0">
  <properties>
    <property name="java.specification.version" value="19"/>
    <property name="sun.cpu.isalist" value="amd64"/>
    <property name="sun.jnu.encoding" value="Cp1252"/>
    <property name="java.class.path" value="D:\CopyNew\XorFakeData\target\test-classes;D:\CopyNew\XorFakeData\target\classes;C:\Users\Atharvan Bhurke\.m2\repository\org\springframework\boot\spring-boot-starter-web\3.0.3\spring-boot-starter-web-3.0.3.jar;C:\Users\Atharvan Bhurke\.m2\repository\org\springframework\boot\spring-boot-starter\3.0.3\spring-boot-starter-3.0.3.jar;C:\Users\Atharvan Bhurke\.m2\repository\org\springframework\boot\spring-boot-starter-logging\3.0.3\spring-boot-starter-logging-3.0.3.jar;C:\Users\Atharvan Bhurke\.m2\repository\ch\qos\logback\logback-classic\1.4.5\logback-classic-1.4.5.jar;C:\Users\Atharvan Bhurke\.m2\repository\ch\qos\logback\logback-core\1.4.5\logback-core-1.4.5.jar;C:\Users\Atharvan Bhurke\.m2\repository\org\apache\logging\log4j\log4j-to-slf4j\2.19.0\log4j-to-slf4j-2.19.0.jar;C:\Users\Atharvan Bhurke\.m2\repository\org\apache\logging\log4j\log4j-api\2.19.0\log4j-api-2.19.0.jar;C:\Users\Atharvan Bhurke\.m2\repository\org\slf4j\jul-to-slf4j\2.0.6\jul-to-slf4j-2.0.6.jar;C:\Users\Atharvan Bhurke\.m2\repository\jakarta\annotation\jakarta.annotation-api\2.1.1\jakarta.annotation-api-2.1.1.jar;C:\Users\Atharvan Bhurke\.m2\repository\org\yaml\snakeyaml\1.33\snakeyaml-1.33.jar;C:\Users\Atharvan Bhurke\.m2\repository\org\springframework\boot\spring-boot-starter-json\3.0.3\spring-boot-starter-json-3.0.3.jar;C:\Users\Atharvan Bhurke\.m2\repository\com\fasterxml\jackson\datatype\jackson-datatype-jdk8\2.14.2\jackson-datatype-jdk8-2.14.2.jar;C:\Users\Atharvan Bhurke\.m2\repository\com\fasterxml\jackson\datatype\jackson-datatype-jsr310\2.14.2\jackson-datatype-jsr310-2.14.2.jar;C:\Users\Atharvan Bhurke\.m2\repository\com\fasterxml\jackson\module\jackson-module-parameter-names\2.14.2\jackson-module-parameter-names-2.14.2.jar;C:\Users\Atharvan Bhurke\.m2\repository\org\springframework\boot\spring-boot-starter-tomcat\3.0.3\spring-boot-starter-tomcat-3.0.3.jar;C:\Users\Atharvan Bhurke\.m2\repository\org\apache\tomcat\embed\tomcat-embed-core\10.1.5\tomcat-embed-core-10.1.5.jar;C:\Users\Atharvan Bhurke\.m2\repository\org\apache\tomcat\embed\tomcat-embed-el\10.1.5\tomcat-embed-el-10.1.5.jar;C:\Users\Atharvan Bhurke\.m2\repository\org\apache\tomcat\embed\tomcat-embed-websocket\10.1.5\tomcat-embed-websocket-10.1.5.jar;C:\Users\Atharvan Bhurke\.m2\repository\org\springframework\spring-web\6.0.5\spring-web-6.0.5.jar;C:\Users\Atharvan Bhurke\.m2\repository\org\springframework\spring-beans\6.0.5\spring-beans-6.0.5.jar;C:\Users\Atharvan Bhurke\.m2\repository\io\micrometer\micrometer-observation\1.10.4\micrometer-observation-1.10.4.jar;C:\Users\Atharvan Bhurke\.m2\repository\io\micrometer\micrometer-commons\1.10.4\micrometer-commons-1.10.4.jar;C:\Users\Atharvan Bhurke\.m2\repository\org\springframework\spring-webmvc\6.0.5\spring-webmvc-6.0.5.jar;C:\Users\Atharvan Bhurke\.m2\repository\org\springframework\spring-aop\6.0.5\spring-aop-6.0.5.jar;C:\Users\Atharvan Bhurke\.m2\repository\org\springframework\spring-context\6.0.5\spring-context-6.0.5.jar;C:\Users\Atharvan Bhurke\.m2\repository\org\springframework\spring-expression\6.0.5\spring-expression-6.0.5.jar;C:\Users\Atharvan Bhurke\.m2\repository\org\springframework\boot\spring-boot-devtools\3.0.3\spring-boot-devtools-3.0.3.jar;C:\Users\Atharvan Bhurke\.m2\repository\org\springframework\boot\spring-boot\3.0.3\spring-boot-3.0.3.jar;C:\Users\Atharvan Bhurke\.m2\repository\org\springframework\boot\spring-boot-autoconfigure\3.0.3\spring-boot-autoconfigure-3.0.3.jar;C:\Users\Atharvan Bhurke\.m2\repository\org\projectlombok\lombok\1.18.26\lombok-1.18.26.jar;C:\Users\Atharvan Bhurke\.m2\repository\org\springframework\boot\spring-boot-starter-test\3.0.3\spring-boot-starter-test-3.0.3.jar;C:\Users\Atharvan Bhurke\.m2\repository\org\springframework\boot\spring-boot-test\3.0.3\spring-boot-test-3.0.3.jar;C:\Users\Atharvan Bhurke\.m2\repository\org\springframework\boot\spring-boot-test-autoconfigure\3.0.3\spring-boot-test-autoconfigure-3.0.3.jar;C:\Users\Atharvan Bhurke\.m2\repository\com\jayway\jsonpath\json-path\2.7.0\json-path-2.7.0.jar;C:\Users\Atharvan Bhurke\.m2\repository\net\minidev\json-smart\2.4.8\json-smart-2.4.8.jar;C:\Users\Atharvan Bhurke\.m2\repository\net\minidev\accessors-smart\2.4.8\accessors-smart-2.4.8.jar;C:\Users\Atharvan Bhurke\.m2\repository\org\ow2\asm\asm\9.1\asm-9.1.jar;C:\Users\Atharvan Bhurke\.m2\repository\org\slf4j\slf4j-api\2.0.6\slf4j-api-2.0.6.jar;C:\Users\Atharvan Bhurke\.m2\repository\jakarta\xml\bind\jakarta.xml.bind-api\4.0.0\jakarta.xml.bind-api-4.0.0.jar;C:\Users\Atharvan Bhurke\.m2\repository\jakarta\activation\jakarta.activation-api\2.1.1\jakarta.activation-api-2.1.1.jar;C:\Users\Atharvan Bhurke\.m2\repository\org\assertj\assertj-core\3.23.1\assertj-core-3.23.1.jar;C:\Users\Atharvan Bhurke\.m2\repository\net\bytebuddy\byte-buddy\1.12.23\byte-buddy-1.12.23.jar;C:\Users\Atharvan Bhurke\.m2\repository\org\hamcrest\hamcrest\2.2\hamcrest-2.2.jar;C:\Users\Atharvan Bhurke\.m2\repository\org\junit\jupiter\junit-jupiter\5.9.2\junit-jupiter-5.9.2.jar;C:\Users\Atharvan Bhurke\.m2\repository\org\junit\jupiter\junit-jupiter-api\5.9.2\junit-jupiter-api-5.9.2.jar;C:\Users\Atharvan Bhurke\.m2\repository\org\opentest4j\opentest4j\1.2.0\opentest4j-1.2.0.jar;C:\Users\Atharvan Bhurke\.m2\repository\org\junit\platform\junit-platform-commons\1.9.2\junit-platform-commons-1.9.2.jar;C:\Users\Atharvan Bhurke\.m2\repository\org\apiguardian\apiguardian-api\1.1.2\apiguardian-api-1.1.2.jar;C:\Users\Atharvan Bhurke\.m2\repository\org\junit\jupiter\junit-jupiter-params\5.9.2\junit-jupiter-params-5.9.2.jar;C:\Users\Atharvan Bhurke\.m2\repository\org\junit\jupiter\junit-jupiter-engine\5.9.2\junit-jupiter-engine-5.9.2.jar;C:\Users\Atharvan Bhurke\.m2\repository\org\junit\platform\junit-platform-engine\1.9.2\junit-platform-engine-1.9.2.jar;C:\Users\Atharvan Bhurke\.m2\repository\org\mockito\mockito-core\4.8.1\mockito-core-4.8.1.jar;C:\Users\Atharvan Bhurke\.m2\repository\net\bytebuddy\byte-buddy-agent\1.12.23\byte-buddy-agent-1.12.23.jar;C:\Users\Atharvan Bhurke\.m2\repository\org\objenesis\objenesis\3.2\objenesis-3.2.jar;C:\Users\Atharvan Bhurke\.m2\repository\org\mockito\mockito-junit-jupiter\4.8.1\mockito-junit-jupiter-4.8.1.jar;C:\Users\Atharvan Bhurke\.m2\repository\org\skyscreamer\jsonassert\1.5.1\jsonassert-1.5.1.jar;C:\Users\Atharvan Bhurke\.m2\repository\com\vaadin\external\google\android-json\0.0.20131108.vaadin1\android-json-0.0.20131108.vaadin1.jar;C:\Users\Atharvan Bhurke\.m2\repository\org\springframework\spring-core\6.0.5\spring-core-6.0.5.jar;C:\Users\Atharvan Bhurke\.m2\repository\org\springframework\spring-jcl\6.0.5\spring-jcl-6.0.5.jar;C:\Users\Atharvan Bhurke\.m2\repository\org\springframework\spring-test\6.0.5\spring-test-6.0.5.jar;C:\Users\Atharvan Bhurke\.m2\repository\org\xmlunit\xmlunit-core\2.9.1\xmlunit-core-2.9.1.jar;C:\Users\Atharvan Bhurke\.m2\repository\com\github\javafaker\javafaker\1.0.2\javafaker-1.0.2.jar;C:\Users\Atharvan Bhurke\.m2\repository\org\apache\commons\commons-lang3\3.12.0\commons-lang3-3.12.0.jar;C:\Users\Atharvan Bhurke\.m2\repository\org\yaml\snakeyaml\1.23\snakeyaml-1.23-android.jar;C:\Users\Atharvan Bhurke\.m2\repository\com\github\mifmif\generex\1.0.2\generex-1.0.2.jar;C:\Users\Atharvan Bhurke\.m2\repository\dk\brics\automaton\automaton\1.11-8\automaton-1.11-8.jar;C:\Users\Atharvan Bhurke\.m2\repository\com\fasterxml\jackson\core\jackson-databind\2.12.1\jackson-databind-2.12.1.jar;C:\Users\Atharvan Bhurke\.m2\repository\com\fasterxml\jackson\core\jackson-annotations\2.14.2\jackson-annotations-2.14.2.jar;C:\Users\Atharvan Bhurke\.m2\repository\com\fasterxml\jackson\core\jackson-core\2.14.2\jackson-core-2.14.2.jar;C:\Users\Atharvan Bhurke\.m2\repository\org\json\json\20190722\json-20190722.jar;"/>
    <property name="java.vm.vendor" value="Oracle Corporation"/>
    <property name="sun.arch.data.model" value="64"/>
    <property name="user.variant" value=""/>
    <property name="java.vendor.url" value="https://java.oracle.com/"/>
    <property name="user.timezone" value="Asia/Calcutta"/>
    <property name="os.name" value="Windows 10"/>
    <property name="java.vm.specification.version" value="19"/>
    <property name="sun.java.launcher" value="SUN_STANDARD"/>
    <property name="user.country" value="IN"/>
    <property name="sun.boot.library.path" value="C:\Users\Atharvan Bhurke\.jdks\openjdk-19.0.2\bin"/>
    <property name="sun.java.command" value="C:\Users\ATHARV~1\AppData\Local\Temp\surefire3667476353635974961\surefirebooter13131363450832747262.jar C:\Users\Atharvan Bhurke\AppData\Local\Temp\surefire3667476353635974961 2023-03-03T11-14-36_925-jvmRun1 surefire8009256419575775651tmp surefire_011067050289123924374tmp"/>
    <property name="jdk.debug" value="release"/>
    <property name="surefire.test.class.path" value="D:\CopyNew\XorFakeData\target\test-classes;D:\CopyNew\XorFakeData\target\classes;C:\Users\Atharvan Bhurke\.m2\repository\org\springframework\boot\spring-boot-starter-web\3.0.3\spring-boot-starter-web-3.0.3.jar;C:\Users\Atharvan Bhurke\.m2\repository\org\springframework\boot\spring-boot-starter\3.0.3\spring-boot-starter-3.0.3.jar;C:\Users\Atharvan Bhurke\.m2\repository\org\springframework\boot\spring-boot-starter-logging\3.0.3\spring-boot-starter-logging-3.0.3.jar;C:\Users\Atharvan Bhurke\.m2\repository\ch\qos\logback\logback-classic\1.4.5\logback-classic-1.4.5.jar;C:\Users\Atharvan Bhurke\.m2\repository\ch\qos\logback\logback-core\1.4.5\logback-core-1.4.5.jar;C:\Users\Atharvan Bhurke\.m2\repository\org\apache\logging\log4j\log4j-to-slf4j\2.19.0\log4j-to-slf4j-2.19.0.jar;C:\Users\Atharvan Bhurke\.m2\repository\org\apache\logging\log4j\log4j-api\2.19.0\log4j-api-2.19.0.jar;C:\Users\Atharvan Bhurke\.m2\repository\org\slf4j\jul-to-slf4j\2.0.6\jul-to-slf4j-2.0.6.jar;C:\Users\Atharvan Bhurke\.m2\repository\jakarta\annotation\jakarta.annotation-api\2.1.1\jakarta.annotation-api-2.1.1.jar;C:\Users\Atharvan Bhurke\.m2\repository\org\yaml\snakeyaml\1.33\snakeyaml-1.33.jar;C:\Users\Atharvan Bhurke\.m2\repository\org\springframework\boot\spring-boot-starter-json\3.0.3\spring-boot-starter-json-3.0.3.jar;C:\Users\Atharvan Bhurke\.m2\repository\com\fasterxml\jackson\datatype\jackson-datatype-jdk8\2.14.2\jackson-datatype-jdk8-2.14.2.jar;C:\Users\Atharvan Bhurke\.m2\repository\com\fasterxml\jackson\datatype\jackson-datatype-jsr310\2.14.2\jackson-datatype-jsr310-2.14.2.jar;C:\Users\Atharvan Bhurke\.m2\repository\com\fasterxml\jackson\module\jackson-module-parameter-names\2.14.2\jackson-module-parameter-names-2.14.2.jar;C:\Users\Atharvan Bhurke\.m2\repository\org\springframework\boot\spring-boot-starter-tomcat\3.0.3\spring-boot-starter-tomcat-3.0.3.jar;C:\Users\Atharvan Bhurke\.m2\repository\org\apache\tomcat\embed\tomcat-embed-core\10.1.5\tomcat-embed-core-10.1.5.jar;C:\Users\Atharvan Bhurke\.m2\repository\org\apache\tomcat\embed\tomcat-embed-el\10.1.5\tomcat-embed-el-10.1.5.jar;C:\Users\Atharvan Bhurke\.m2\repository\org\apache\tomcat\embed\tomcat-embed-websocket\10.1.5\tomcat-embed-websocket-10.1.5.jar;C:\Users\Atharvan Bhurke\.m2\repository\org\springframework\spring-web\6.0.5\spring-web-6.0.5.jar;C:\Users\Atharvan Bhurke\.m2\repository\org\springframework\spring-beans\6.0.5\spring-beans-6.0.5.jar;C:\Users\Atharvan Bhurke\.m2\repository\io\micrometer\micrometer-observation\1.10.4\micrometer-observation-1.10.4.jar;C:\Users\Atharvan Bhurke\.m2\repository\io\micrometer\micrometer-commons\1.10.4\micrometer-commons-1.10.4.jar;C:\Users\Atharvan Bhurke\.m2\repository\org\springframework\spring-webmvc\6.0.5\spring-webmvc-6.0.5.jar;C:\Users\Atharvan Bhurke\.m2\repository\org\springframework\spring-aop\6.0.5\spring-aop-6.0.5.jar;C:\Users\Atharvan Bhurke\.m2\repository\org\springframework\spring-context\6.0.5\spring-context-6.0.5.jar;C:\Users\Atharvan Bhurke\.m2\repository\org\springframework\spring-expression\6.0.5\spring-expression-6.0.5.jar;C:\Users\Atharvan Bhurke\.m2\repository\org\springframework\boot\spring-boot-devtools\3.0.3\spring-boot-devtools-3.0.3.jar;C:\Users\Atharvan Bhurke\.m2\repository\org\springframework\boot\spring-boot\3.0.3\spring-boot-3.0.3.jar;C:\Users\Atharvan Bhurke\.m2\repository\org\springframework\boot\spring-boot-autoconfigure\3.0.3\spring-boot-autoconfigure-3.0.3.jar;C:\Users\Atharvan Bhurke\.m2\repository\org\projectlombok\lombok\1.18.26\lombok-1.18.26.jar;C:\Users\Atharvan Bhurke\.m2\repository\org\springframework\boot\spring-boot-starter-test\3.0.3\spring-boot-starter-test-3.0.3.jar;C:\Users\Atharvan Bhurke\.m2\repository\org\springframework\boot\spring-boot-test\3.0.3\spring-boot-test-3.0.3.jar;C:\Users\Atharvan Bhurke\.m2\repository\org\springframework\boot\spring-boot-test-autoconfigure\3.0.3\spring-boot-test-autoconfigure-3.0.3.jar;C:\Users\Atharvan Bhurke\.m2\repository\com\jayway\jsonpath\json-path\2.7.0\json-path-2.7.0.jar;C:\Users\Atharvan Bhurke\.m2\repository\net\minidev\json-smart\2.4.8\json-smart-2.4.8.jar;C:\Users\Atharvan Bhurke\.m2\repository\net\minidev\accessors-smart\2.4.8\accessors-smart-2.4.8.jar;C:\Users\Atharvan Bhurke\.m2\repository\org\ow2\asm\asm\9.1\asm-9.1.jar;C:\Users\Atharvan Bhurke\.m2\repository\org\slf4j\slf4j-api\2.0.6\slf4j-api-2.0.6.jar;C:\Users\Atharvan Bhurke\.m2\repository\jakarta\xml\bind\jakarta.xml.bind-api\4.0.0\jakarta.xml.bind-api-4.0.0.jar;C:\Users\Atharvan Bhurke\.m2\repository\jakarta\activation\jakarta.activation-api\2.1.1\jakarta.activation-api-2.1.1.jar;C:\Users\Atharvan Bhurke\.m2\repository\org\assertj\assertj-core\3.23.1\assertj-core-3.23.1.jar;C:\Users\Atharvan Bhurke\.m2\repository\net\bytebuddy\byte-buddy\1.12.23\byte-buddy-1.12.23.jar;C:\Users\Atharvan Bhurke\.m2\repository\org\hamcrest\hamcrest\2.2\hamcrest-2.2.jar;C:\Users\Atharvan Bhurke\.m2\repository\org\junit\jupiter\junit-jupiter\5.9.2\junit-jupiter-5.9.2.jar;C:\Users\Atharvan Bhurke\.m2\repository\org\junit\jupiter\junit-jupiter-api\5.9.2\junit-jupiter-api-5.9.2.jar;C:\Users\Atharvan Bhurke\.m2\repository\org\opentest4j\opentest4j\1.2.0\opentest4j-1.2.0.jar;C:\Users\Atharvan Bhurke\.m2\repository\org\junit\platform\junit-platform-commons\1.9.2\junit-platform-commons-1.9.2.jar;C:\Users\Atharvan Bhurke\.m2\repository\org\apiguardian\apiguardian-api\1.1.2\apiguardian-api-1.1.2.jar;C:\Users\Atharvan Bhurke\.m2\repository\org\junit\jupiter\junit-jupiter-params\5.9.2\junit-jupiter-params-5.9.2.jar;C:\Users\Atharvan Bhurke\.m2\repository\org\junit\jupiter\junit-jupiter-engine\5.9.2\junit-jupiter-engine-5.9.2.jar;C:\Users\Atharvan Bhurke\.m2\repository\org\junit\platform\junit-platform-engine\1.9.2\junit-platform-engine-1.9.2.jar;C:\Users\Atharvan Bhurke\.m2\repository\org\mockito\mockito-core\4.8.1\mockito-core-4.8.1.jar;C:\Users\Atharvan Bhurke\.m2\repository\net\bytebuddy\byte-buddy-agent\1.12.23\byte-buddy-agent-1.12.23.jar;C:\Users\Atharvan Bhurke\.m2\repository\org\objenesis\objenesis\3.2\objenesis-3.2.jar;C:\Users\Atharvan Bhurke\.m2\repository\org\mockito\mockito-junit-jupiter\4.8.1\mockito-junit-jupiter-4.8.1.jar;C:\Users\Atharvan Bhurke\.m2\repository\org\skyscreamer\jsonassert\1.5.1\jsonassert-1.5.1.jar;C:\Users\Atharvan Bhurke\.m2\repository\com\vaadin\external\google\android-json\0.0.20131108.vaadin1\android-json-0.0.20131108.vaadin1.jar;C:\Users\Atharvan Bhurke\.m2\repository\org\springframework\spring-core\6.0.5\spring-core-6.0.5.jar;C:\Users\Atharvan Bhurke\.m2\repository\org\springframework\spring-jcl\6.0.5\spring-jcl-6.0.5.jar;C:\Users\Atharvan Bhurke\.m2\repository\org\springframework\spring-test\6.0.5\spring-test-6.0.5.jar;C:\Users\Atharvan Bhurke\.m2\repository\org\xmlunit\xmlunit-core\2.9.1\xmlunit-core-2.9.1.jar;C:\Users\Atharvan Bhurke\.m2\repository\com\github\javafaker\javafaker\1.0.2\javafaker-1.0.2.jar;C:\Users\Atharvan Bhurke\.m2\repository\org\apache\commons\commons-lang3\3.12.0\commons-lang3-3.12.0.jar;C:\Users\Atharvan Bhurke\.m2\repository\org\yaml\snakeyaml\1.23\snakeyaml-1.23-android.jar;C:\Users\Atharvan Bhurke\.m2\repository\com\github\mifmif\generex\1.0.2\generex-1.0.2.jar;C:\Users\Atharvan Bhurke\.m2\repository\dk\brics\automaton\automaton\1.11-8\automaton-1.11-8.jar;C:\Users\Atharvan Bhurke\.m2\repository\com\fasterxml\jackson\core\jackson-databind\2.12.1\jackson-databind-2.12.1.jar;C:\Users\Atharvan Bhurke\.m2\repository\com\fasterxml\jackson\core\jackson-annotations\2.14.2\jackson-annotations-2.14.2.jar;C:\Users\Atharvan Bhurke\.m2\repository\com\fasterxml\jackson\core\jackson-core\2.14.2\jackson-core-2.14.2.jar;C:\Users\Atharvan Bhurke\.m2\repository\org\json\json\20190722\json-20190722.jar;"/>
    <property name="sun.cpu.endian" value="little"/>
    <property name="user.home" value="C:\Users\Atharvan Bhurke"/>
    <property name="user.language" value="en"/>
    <property name="java.specification.vendor" value="Oracle Corporation"/>
    <property name="java.version.date" value="2023-01-17"/>
    <property name="java.home" value="C:\Users\Atharvan Bhurke\.jdks\openjdk-19.0.2"/>
    <property name="file.separator" value="\"/>
    <property name="basedir" value="D:\CopyNew\XorFakeData"/>
    <property name="java.vm.compressedOopsMode" value="Zero based"/>
    <property name="line.separator" value="&#10;"/>
    <property name="java.vm.specification.vendor" value="Oracle Corporation"/>
    <property name="java.specification.name" value="Java Platform API Specification"/>
    <property name="surefire.real.class.path" value="C:\Users\ATHARV~1\AppData\Local\Temp\surefire3667476353635974961\surefirebooter13131363450832747262.jar"/>
    <property name="user.script" value=""/>
    <property name="sun.management.compiler" value="HotSpot 64-Bit Tiered Compilers"/>
    <property name="java.runtime.version" value="19.0.2+7-44"/>
    <property name="user.name" value="Atharvan Bhurke"/>
    <property name="stdout.encoding" value="Cp1252"/>
    <property name="path.separator" value=";"/>
    <property name="os.version" value="10.0"/>
    <property name="java.runtime.name" value="OpenJDK Runtime Environment"/>
    <property name="file.encoding" value="UTF-8"/>
    <property name="java.vm.name" value="OpenJDK 64-Bit Server VM"/>
    <property name="localRepository" value="C:\Users\Atharvan Bhurke\.m2\repository"/>
    <property name="java.vendor.url.bug" value="https://bugreport.java.com/bugreport/"/>
    <property name="java.io.tmpdir" value="C:\Users\ATHARV~1\AppData\Local\Temp\"/>
    <property name="idea.version" value="2022.3.2"/>
    <property name="java.version" value="19.0.2"/>
    <property name="user.dir" value="D:\CopyNew\XorFakeData"/>
    <property name="os.arch" value="amd64"/>
    <property name="java.vm.specification.name" value="Java Virtual Machine Specification"/>
    <property name="sun.os.patch.level" value=""/>
    <property name="native.encoding" value="Cp1252"/>
    <property name="java.library.path" value="C:\Users\Atharvan Bhurke\.jdks\openjdk-19.0.2\bin;C:\Windows\Sun\Java\bin;C:\Windows\system32;C:\Windows;C:\Program Files (x86)\Microsoft SDKs\Azure\CLI2\wbin;C:\ProgramData\Oracle\Java\javapath;C:\Windows\system32;C:\Windows;C:\Windows\System32\Wbem;C:\Windows\System32\WindowsPowerShell\v1.0\;C:\Windows\System32\OpenSSH\;C:\Program Files\nodejs\;C:\Program Files (x86)\Nmap;F:\pythonProject1\venv\lib\site-packages\nmap\nmap.py;F:\Traning Software\apache-maven-3.8.2\bin;C:\Program Files\Go\bin;C:\Program Files\Git\cmd;C:\Program Files (x86)\Microsoft SQL Server\150\DTS\Binn\;C:\Program Files\Azure Data Studio\bin;C:\ProgramData\chocolatey\lib\docker-cli\bin;C:\ProgramData\chocolatey\lib\docker-compose\tools;C:\ProgramData\chocolatey\lib\docker-machine\bin;C:\Program Files\MySQL\MySQL Shell 8.0\bin\;C:\Users\Atharvan Bhurke\AppData\Local\Programs\Python\Python37\Scripts\;C:\Users\Atharvan Bhurke\AppData\Local\Programs\Python\Python37\;C:\Users\Atharvan Bhurke\AppData\Local\Microsoft\WindowsApps;C:\Users\Atharvan Bhurke\AppData\Roaming\npm;C:\Users\Atharvan Bhurke\AppData\Local\Programs\Microsoft VS Code\bin;C:\Program Files (x86)\Nmap;D:\Traning Software\apache-maven-3.8.2\bin;C:\Users\Atharvan Bhurke\go\bin;C:\Program Files\Azure Data Studio\bin;C:\Program Files\Java\jdk1.8.0_152\bin;C:\ProgramData\chocoportable\bin;C:\ProgramData\chocolatey\lib\docker-cli\bin;C:\ProgramData\chocolatey\lib\docker-compose\tools;C:\ProgramData\chocolatey\lib\docker-machine\bin;;."/>
    <property name="java.vm.info" value="mixed mode, sharing"/>
    <property name="stderr.encoding" value="Cp1252"/>
    <property name="java.vendor" value="Oracle Corporation"/>
    <property name="java.vm.version" value="19.0.2+7-44"/>
    <property name="sun.io.unicode.encoding" value="UnicodeLittle"/>
    <property name="java.class.version" value="63.0"/>
  </properties>
  <testcase name="contextLoads" classname="com.xoriant.XorFakeData.XorFakeDataApplicationTests" time="0.646"/>
</testsuite>